# JRE version: OpenJDK Runtime Environment (8.0_112-b06) (build 1.8.0_112-release-b06)
# Java VM: OpenJDK 64-Bit Server VM (25.112-b06 mixed mode windows-amd64 compressed oops)
Heap:
 PSYoungGen      total 406016K, used 169943K [0x00000000e0000000, 0x00000000ff700000, 0x0000000100000000)
  eden space 299008K, 55% used [0x00000000e0000000,0x00000000ea1acea0,0x00000000f2400000)
  from space 107008K, 4% used [0x00000000f8e80000,0x00000000f92c8d88,0x00000000ff700000)
  to   space 108032K, 0% used [0x00000000f2400000,0x00000000f2400000,0x00000000f8d80000)
 ParOldGen       total 288768K, used 238859K [0x00000000a0000000, 0x00000000b1a00000, 0x00000000e0000000)
  object space 288768K, 82% used [0x00000000a0000000,0x00000000ae942e78,0x00000000b1a00000)
 Metaspace       used 120628K, capacity 133188K, committed 133848K, reserved 1167360K
  class space    used 15055K, capacity 16447K, committed 16640K, reserved 1048576K
GC Heap History (10 events):
Event: 4200.648 GC heap before
{Heap before GC invocations=91 (full 5):
 PSYoungGen      total 399872K, used 295825K [0x00000000e0000000, 0x0000000100000000, 0x0000000100000000)
  eden space 281600K, 100% used [0x00000000e0000000,0x00000000f1300000,0x00000000f1300000)
  from space 118272K, 12% used [0x00000000f1300000,0x00000000f20e4758,0x00000000f8680000)
  to   space 117760K, 0% used [0x00000000f8d00000,0x00000000f8d00000,0x0000000100000000)
 ParOldGen       total 288768K, used 222123K [0x00000000a0000000, 0x00000000b1a00000, 0x00000000e0000000)
  object space 288768K, 76% used [0x00000000a0000000,0x00000000ad8eae40,0x00000000b1a00000)
 Metaspace       used 120424K, capacity 132884K, committed 133848K, reserved 1167360K
  class space    used 15038K, capacity 16425K, committed 16640K, reserved 1048576K
Event: 4200.667 GC heap after
Heap after GC invocations=91 (full 5):
 PSYoungGen      total 404480K, used 5294K [0x00000000e0000000, 0x00000000ffe80000, 0x0000000100000000)
  eden space 288256K, 0% used [0x00000000e0000000,0x00000000e0000000,0x00000000f1980000)
  from space 116224K, 4% used [0x00000000f8d00000,0x00000000f922b818,0x00000000ffe80000)
  to   space 117248K, 0% used [0x00000000f1980000,0x00000000f1980000,0x00000000f8c00000)
 ParOldGen       total 288768K, used 227904K [0x00000000a0000000, 0x00000000b1a00000, 0x00000000e0000000)
  object space 288768K, 78% used [0x00000000a0000000,0x00000000ade90320,0x00000000b1a00000)
 Metaspace       used 120424K, capacity 132884K, committed 133848K, reserved 1167360K
  class space    used 15038K, capacity 16425K, committed 16640K, reserved 1048576K
}
Event: 4204.218 GC heap before
{Heap before GC invocations=92 (full 5):
 PSYoungGen      total 404480K, used 293550K [0x00000000e0000000, 0x00000000ffe80000, 0x0000000100000000)
  eden space 288256K, 100% used [0x00000000e0000000,0x00000000f1980000,0x00000000f1980000)
  from space 116224K, 4% used [0x00000000f8d00000,0x00000000f922b818,0x00000000ffe80000)
  to   space 117248K, 0% used [0x00000000f1980000,0x00000000f1980000,0x00000000f8c00000)
 ParOldGen       total 288768K, used 227904K [0x00000000a0000000, 0x00000000b1a00000, 0x00000000e0000000)
  object space 288768K, 78% used [0x00000000a0000000,0x00000000ade90320,0x00000000b1a00000)
 Metaspace       used 120468K, capacity 132954K, committed 133848K, reserved 1167360K
  class space    used 15039K, capacity 16426K, committed 16640K, reserved 1048576K
Event: 4204.233 GC heap after
Heap after GC invocations=92 (full 5):
 PSYoungGen      total 405504K, used 6175K [0x00000000e0000000, 0x00000000ffe00000, 0x0000000100000000)
  eden space 288256K, 0% used [0x00000000e0000000,0x00000000e0000000,0x00000000f1980000)
  from space 117248K, 5% used [0x00000000f1980000,0x00000000f1f87e20,0x00000000f8c00000)
  to   space 115712K, 0% used [0x00000000f8d00000,0x00000000f8d00000,0x00000000ffe00000)
 ParOldGen       total 288768K, used 228363K [0x00000000a0000000, 0x00000000b1a00000, 0x00000000e0000000)
  object space 288768K, 79% used [0x00000000a0000000,0x00000000adf02e30,0x00000000b1a00000)
 Metaspace       used 120468K, capacity 132954K, committed 133848K, reserved 1167360K
  class space    used 15039K, capacity 16426K, committed 16640K, reserved 1048576K
}
Event: 4205.282 GC heap before
{Heap before GC invocations=93 (full 5):
 PSYoungGen      total 405504K, used 294318K [0x00000000e0000000, 0x00000000ffe00000, 0x0000000100000000)
  eden space 288256K, 99% used [0x00000000e0000000,0x00000000f1963d78,0x00000000f1980000)
  from space 117248K, 5% used [0x00000000f1980000,0x00000000f1f87e20,0x00000000f8c00000)
  to   space 115712K, 0% used [0x00000000f8d00000,0x00000000f8d00000,0x00000000ffe00000)
 ParOldGen       total 288768K, used 228363K [0x00000000a0000000, 0x00000000b1a00000, 0x00000000e0000000)
  object space 288768K, 79% used [0x00000000a0000000,0x00000000adf02e30,0x00000000b1a00000)
 Metaspace       used 120490K, capacity 132978K, committed 133848K, reserved 1167360K
  class space    used 15042K, capacity 16430K, committed 16640K, reserved 1048576K
Event: 4205.296 GC heap after
Heap after GC invocations=93 (full 5):
 PSYoungGen      total 404480K, used 3535K [0x00000000e0000000, 0x00000000ffb80000, 0x0000000100000000)
  eden space 291328K, 0% used [0x00000000e0000000,0x00000000e0000000,0x00000000f1c80000)
  from space 113152K, 3% used [0x00000000f8d00000,0x00000000f9073ee0,0x00000000ffb80000)
  to   space 114176K, 0% used [0x00000000f1c80000,0x00000000f1c80000,0x00000000f8c00000)
 ParOldGen       total 288768K, used 232631K [0x00000000a0000000, 0x00000000b1a00000, 0x00000000e0000000)
  object space 288768K, 80% used [0x00000000a0000000,0x00000000ae32dde0,0x00000000b1a00000)
 Metaspace       used 120490K, capacity 132978K, committed 133848K, reserved 1167360K
  class space    used 15042K, capacity 16430K, committed 16640K, reserved 1048576K
}
Event: 4625.763 GC heap before
{Heap before GC invocations=94 (full 5):
 PSYoungGen      total 404480K, used 294410K [0x00000000e0000000, 0x00000000ffb80000, 0x0000000100000000)
  eden space 291328K, 99% used [0x00000000e0000000,0x00000000f1c0eb88,0x00000000f1c80000)
  from space 113152K, 3% used [0x00000000f8d00000,0x00000000f9073ee0,0x00000000ffb80000)
  to   space 114176K, 0% used [0x00000000f1c80000,0x00000000f1c80000,0x00000000f8c00000)
 ParOldGen       total 288768K, used 232631K [0x00000000a0000000, 0x00000000b1a00000, 0x00000000e0000000)
  object space 288768K, 80% used [0x00000000a0000000,0x00000000ae32dde0,0x00000000b1a00000)
 Metaspace       used 120551K, capacity 133094K, committed 133848K, reserved 1167360K
  class space    used 15052K, capacity 16442K, committed 16640K, reserved 1048576K
Event: 4625.777 GC heap after
Heap after GC invocations=94 (full 5):
 PSYoungGen      total 405504K, used 6823K [0x00000000e0000000, 0x00000000ffb00000, 0x0000000100000000)
  eden space 291328K, 0% used [0x00000000e0000000,0x00000000e0000000,0x00000000f1c80000)
  from space 114176K, 5% used [0x00000000f1c80000,0x00000000f2329eb8,0x00000000f8c00000)
  to   space 111104K, 0% used [0x00000000f8e80000,0x00000000f8e80000,0x00000000ffb00000)
 ParOldGen       total 288768K, used 233575K [0x00000000a0000000, 0x00000000b1a00000, 0x00000000e0000000)
  object space 288768K, 80% used [0x00000000a0000000,0x00000000ae419df0,0x00000000b1a00000)
 Metaspace       used 120551K, capacity 133094K, committed 133848K, reserved 1167360K
  class space    used 15052K, capacity 16442K, committed 16640K, reserved 1048576K
}
Event: 4630.696 GC heap before
{Heap before GC invocations=95 (full 5):
 PSYoungGen      total 405504K, used 298151K [0x00000000e0000000, 0x00000000ffb00000, 0x0000000100000000)
  eden space 291328K, 100% used [0x00000000e0000000,0x00000000f1c80000,0x00000000f1c80000)
  from space 114176K, 5% used [0x00000000f1c80000,0x00000000f2329eb8,0x00000000f8c00000)
  to   space 111104K, 0% used [0x00000000f8e80000,0x00000000f8e80000,0x00000000ffb00000)
 ParOldGen       total 288768K, used 233575K [0x00000000a0000000, 0x00000000b1a00000, 0x00000000e0000000)
  object space 288768K, 80% used [0x00000000a0000000,0x00000000ae419df0,0x00000000b1a00000)
 Metaspace       used 120626K, capacity 133188K, committed 133848K, reserved 1167360K
  class space    used 15055K, capacity 16447K, committed 16640K, reserved 1048576K
Event: 4630.712 GC heap after
Heap after GC invocations=95 (full 5):
 PSYoungGen      total 406016K, used 4387K [0x00000000e0000000, 0x00000000ff700000, 0x0000000100000000)
  eden space 299008K, 0% used [0x00000000e0000000,0x00000000e0000000,0x00000000f2400000)
  from space 107008K, 4% used [0x00000000f8e80000,0x00000000f92c8d88,0x00000000ff700000)
  to   space 108032K, 0% used [0x00000000f2400000,0x00000000f2400000,0x00000000f8d80000)
 ParOldGen       total 288768K, used 238859K [0x00000000a0000000, 0x00000000b1a00000, 0x00000000e0000000)
  object space 288768K, 82% used [0x00000000a0000000,0x00000000ae942e78,0x00000000b1a00000)
 Metaspace       used 120626K, capacity 133188K, committed 133848K, reserved 1167360K
  class space    used 15055K, capacity 16447K, committed 16640K, reserved 1048576K
}

